<?xml version="1.0" encoding="UTF-8"?>
<testng-results ignored="0" total="2" passed="2" failed="0" skipped="0">
  <reporter-output>
  </reporter-output>
  <suite started-at="2022-02-15T12:31:04 IST" name="Suite" finished-at="2022-02-15T12:31:11 IST" duration-ms="6783">
    <groups>
    </groups>
    <test started-at="2022-02-15T12:31:04 IST" name="Test" finished-at="2022-02-15T12:31:11 IST" duration-ms="6783">
      <class name="Parallel_Execution.ParallelExecution">
        <test-method signature="OpenFB()[pri:0, instance:Parallel_Execution.ParallelExecution@5f049ea1]" started-at="2022-02-15T12:31:04 IST" name="OpenFB" finished-at="2022-02-15T12:31:10 IST" duration-ms="6151" status="PASS">
          <reporter-output>
          </reporter-output>
        </test-method> <!-- OpenFB -->
        <test-method signature="OpenGoogle()[pri:0, instance:Parallel_Execution.ParallelExecution@5f049ea1]" started-at="2022-02-15T12:31:04 IST" name="OpenGoogle" finished-at="2022-02-15T12:31:11 IST" duration-ms="6716" status="PASS">
          <reporter-output>
          </reporter-output>
        </test-method> <!-- OpenGoogle -->
      </class> <!-- Parallel_Execution.ParallelExecution -->
    </test> <!-- Test -->
  </suite> <!-- Suite -->
</testng-results>
